[INFO ] 2021-10-25T14:35:15,340 [main] Starter - Starting Starter on IDEX-IRS with PID 12433 (/home/morteza/IMM_BCT_MAS/ET/clients/build/classes/java/main started by morteza in /home/morteza/IMM_BCT_MAS/ET/clients)
[INFO ] 2021-10-25T14:35:15,350 [main] Starter - No active profile set, falling back to default profiles: default
[INFO ] 2021-10-25T14:35:15,379 [main] AnnotationConfigServletWebServerApplicationContext - Refreshing org.springframework.boot.web.servlet.context.AnnotationConfigServletWebServerApplicationContext@481ba2cf: startup date [Mon Oct 25 16:35:15 CEST 2021]; root of context hierarchy
[INFO ] 2021-10-25T14:35:16,094 [main] TomcatWebServer - Tomcat initialized with port(s): 14001 (http)
[INFO ] 2021-10-25T14:35:16,103 [main] Http11NioProtocol - Initializing ProtocolHandler ["http-nio-14001"]
[INFO ] 2021-10-25T14:35:16,108 [main] StandardService - Starting service [Tomcat]
[INFO ] 2021-10-25T14:35:16,109 [main] StandardEngine - Starting Servlet Engine: Apache Tomcat/8.5.31
[INFO ] 2021-10-25T14:35:16,115 [localhost-startStop-1] AprLifecycleListener - The APR based Apache Tomcat Native library which allows optimal performance in production environments was not found on the java.library.path: [/usr/java/packages/lib/amd64:/usr/lib64:/lib64:/lib:/usr/lib]
[INFO ] 2021-10-25T14:35:16,186 [localhost-startStop-1] [/] - Initializing Spring embedded WebApplicationContext
[INFO ] 2021-10-25T14:35:16,186 [localhost-startStop-1] ContextLoader - Root WebApplicationContext: initialization completed in 809 ms
[INFO ] 2021-10-25T14:35:16,255 [localhost-startStop-1] ServletRegistrationBean - Servlet dispatcherServlet mapped to [/]
[INFO ] 2021-10-25T14:35:16,258 [localhost-startStop-1] FilterRegistrationBean - Mapping filter: 'characterEncodingFilter' to: [/*]
[INFO ] 2021-10-25T14:35:16,258 [localhost-startStop-1] FilterRegistrationBean - Mapping filter: 'hiddenHttpMethodFilter' to: [/*]
[INFO ] 2021-10-25T14:35:16,258 [localhost-startStop-1] FilterRegistrationBean - Mapping filter: 'httpPutFormContentFilter' to: [/*]
[INFO ] 2021-10-25T14:35:16,259 [localhost-startStop-1] FilterRegistrationBean - Mapping filter: 'requestContextFilter' to: [/*]
[INFO ] 2021-10-25T14:35:17,606 [main] RPCClient - Startup took 562 msec
[INFO ] 2021-10-25T14:35:17,831 [main] SimpleUrlHandlerMapping - Mapped URL path [/**/favicon.ico] onto handler of type [class org.springframework.web.servlet.resource.ResourceHttpRequestHandler]
[INFO ] 2021-10-25T14:35:17,900 [main] RequestMappingHandlerAdapter - Looking for @ControllerAdvice: org.springframework.boot.web.servlet.context.AnnotationConfigServletWebServerApplicationContext@481ba2cf: startup date [Mon Oct 25 16:35:15 CEST 2021]; root of context hierarchy
[INFO ] 2021-10-25T14:35:17,950 [main] RequestMappingHandlerMapping - Mapped "{[/states],methods=[GET],produces=[text/plain]}" onto private java.lang.String net.et.webserver.Controller.states()
[INFO ] 2021-10-25T14:35:17,951 [main] RequestMappingHandlerMapping - Mapped "{[/addresses],methods=[GET],produces=[text/plain]}" onto private java.lang.String net.et.webserver.Controller.addresses()
[INFO ] 2021-10-25T14:35:17,951 [main] RequestMappingHandlerMapping - Mapped "{[/servertime],methods=[GET],produces=[text/plain]}" onto private java.lang.String net.et.webserver.Controller.serverTime()
[INFO ] 2021-10-25T14:35:17,952 [main] RequestMappingHandlerMapping - Mapped "{[/identities],methods=[GET],produces=[text/plain]}" onto private java.lang.String net.et.webserver.Controller.identities()
[INFO ] 2021-10-25T14:35:17,952 [main] RequestMappingHandlerMapping - Mapped "{[/platformversion],methods=[GET],produces=[text/plain]}" onto private java.lang.String net.et.webserver.Controller.platformVersion()
[INFO ] 2021-10-25T14:35:17,952 [main] RequestMappingHandlerMapping - Mapped "{[/peers],methods=[GET],produces=[application/json]}" onto public java.util.HashMap<java.lang.String, java.util.List<java.lang.String>> net.et.webserver.Controller.getPeers()
[INFO ] 2021-10-25T14:35:17,952 [main] RequestMappingHandlerMapping - Mapped "{[/notaries],methods=[GET],produces=[text/plain]}" onto private java.lang.String net.et.webserver.Controller.notaries()
[INFO ] 2021-10-25T14:35:17,953 [main] RequestMappingHandlerMapping - Mapped "{[/flows],methods=[GET],produces=[text/plain]}" onto private java.lang.String net.et.webserver.Controller.flows()
[INFO ] 2021-10-25T14:35:17,953 [main] RequestMappingHandlerMapping - Mapped "{[/me],methods=[GET],produces=[application/json]}" onto private java.util.HashMap<java.lang.String, java.lang.String> net.et.webserver.Controller.whoami()
[INFO ] 2021-10-25T14:35:17,953 [main] RequestMappingHandlerMapping - Mapped "{[/loans],methods=[GET],produces=[application/json]}" onto public java.util.List<net.corda.core.contracts.StateAndRef<net.et.states.LoanState>> net.et.webserver.Controller.getLoans()
[INFO ] 2021-10-25T14:35:17,954 [main] RequestMappingHandlerMapping - Mapped "{[/create-loan],methods=[POST],consumes=[application/x-www-form-urlencoded],produces=[text/plain]}" onto public org.springframework.http.ResponseEntity<java.lang.String> net.et.webserver.Controller.issueLoan(javax.servlet.http.HttpServletRequest) throws java.lang.IllegalArgumentException
[INFO ] 2021-10-25T14:35:17,954 [main] RequestMappingHandlerMapping - Mapped "{[/my-loans],methods=[GET],produces=[application/json]}" onto public org.springframework.http.ResponseEntity<java.util.List<net.corda.core.contracts.StateAndRef<net.et.states.LoanState>>> net.et.webserver.Controller.getMyLoans()
[INFO ] 2021-10-25T14:35:17,954 [main] RequestMappingHandlerMapping - Mapped "{[/status],methods=[GET],produces=[text/plain]}" onto private java.lang.String net.et.webserver.Controller.status()
[INFO ] 2021-10-25T14:35:17,955 [main] RequestMappingHandlerMapping - Mapped "{[/error],produces=[text/html]}" onto public org.springframework.web.servlet.ModelAndView org.springframework.boot.autoconfigure.web.servlet.error.BasicErrorController.errorHtml(javax.servlet.http.HttpServletRequest,javax.servlet.http.HttpServletResponse)
[INFO ] 2021-10-25T14:35:17,956 [main] RequestMappingHandlerMapping - Mapped "{[/error]}" onto public org.springframework.http.ResponseEntity<java.util.Map<java.lang.String, java.lang.Object>> org.springframework.boot.autoconfigure.web.servlet.error.BasicErrorController.error(javax.servlet.http.HttpServletRequest)
[INFO ] 2021-10-25T14:35:17,969 [main] SimpleUrlHandlerMapping - Mapped URL path [/webjars/**] onto handler of type [class org.springframework.web.servlet.resource.ResourceHttpRequestHandler]
[INFO ] 2021-10-25T14:35:17,970 [main] SimpleUrlHandlerMapping - Mapped URL path [/**] onto handler of type [class org.springframework.web.servlet.resource.ResourceHttpRequestHandler]
[INFO ] 2021-10-25T14:35:17,996 [main] WelcomePageHandlerMapping - Adding welcome page: class path resource [static/index.html]
[INFO ] 2021-10-25T14:35:18,088 [main] AnnotationMBeanExporter - Registering beans for JMX exposure on startup
[INFO ] 2021-10-25T14:35:18,098 [main] Http11NioProtocol - Starting ProtocolHandler ["http-nio-14001"]
[INFO ] 2021-10-25T14:35:18,103 [main] NioSelectorPool - Using a shared selector for servlet write/read
[INFO ] 2021-10-25T14:35:18,113 [main] TomcatWebServer - Tomcat started on port(s): 14001 (http) with context path ''
[INFO ] 2021-10-25T14:35:18,222 [main] Starter - Started Starter in 3.361 seconds (JVM running for 3.8)
[INFO ] 2021-10-25T14:35:25,847 [main] Starter - Starting Starter on IDEX-IRS with PID 12631 (/home/morteza/IMM_BCT_MAS/ET/clients/build/classes/java/main started by morteza in /home/morteza/IMM_BCT_MAS/ET/clients)
[INFO ] 2021-10-25T14:35:25,851 [main] Starter - No active profile set, falling back to default profiles: default
[INFO ] 2021-10-25T14:35:25,886 [main] AnnotationConfigServletWebServerApplicationContext - Refreshing org.springframework.boot.web.servlet.context.AnnotationConfigServletWebServerApplicationContext@457c9034: startup date [Mon Oct 25 16:35:25 CEST 2021]; root of context hierarchy
[INFO ] 2021-10-25T14:35:26,527 [main] TomcatWebServer - Tomcat initialized with port(s): 14002 (http)
[INFO ] 2021-10-25T14:35:26,536 [main] Http11NioProtocol - Initializing ProtocolHandler ["http-nio-14002"]
[INFO ] 2021-10-25T14:35:26,543 [main] StandardService - Starting service [Tomcat]
[INFO ] 2021-10-25T14:35:26,543 [main] StandardEngine - Starting Servlet Engine: Apache Tomcat/8.5.31
[INFO ] 2021-10-25T14:35:26,550 [localhost-startStop-1] AprLifecycleListener - The APR based Apache Tomcat Native library which allows optimal performance in production environments was not found on the java.library.path: [/usr/java/packages/lib/amd64:/usr/lib64:/lib64:/lib:/usr/lib]
[INFO ] 2021-10-25T14:35:26,616 [localhost-startStop-1] [/] - Initializing Spring embedded WebApplicationContext
[INFO ] 2021-10-25T14:35:26,616 [localhost-startStop-1] ContextLoader - Root WebApplicationContext: initialization completed in 732 ms
[INFO ] 2021-10-25T14:35:26,692 [localhost-startStop-1] ServletRegistrationBean - Servlet dispatcherServlet mapped to [/]
[INFO ] 2021-10-25T14:35:26,695 [localhost-startStop-1] FilterRegistrationBean - Mapping filter: 'characterEncodingFilter' to: [/*]
[INFO ] 2021-10-25T14:35:26,695 [localhost-startStop-1] FilterRegistrationBean - Mapping filter: 'hiddenHttpMethodFilter' to: [/*]
[INFO ] 2021-10-25T14:35:26,695 [localhost-startStop-1] FilterRegistrationBean - Mapping filter: 'httpPutFormContentFilter' to: [/*]
[INFO ] 2021-10-25T14:35:26,695 [localhost-startStop-1] FilterRegistrationBean - Mapping filter: 'requestContextFilter' to: [/*]
[INFO ] 2021-10-25T14:35:28,155 [main] RPCClient - Startup took 528 msec
[INFO ] 2021-10-25T14:35:28,388 [main] SimpleUrlHandlerMapping - Mapped URL path [/**/favicon.ico] onto handler of type [class org.springframework.web.servlet.resource.ResourceHttpRequestHandler]
[INFO ] 2021-10-25T14:35:28,465 [main] RequestMappingHandlerAdapter - Looking for @ControllerAdvice: org.springframework.boot.web.servlet.context.AnnotationConfigServletWebServerApplicationContext@457c9034: startup date [Mon Oct 25 16:35:25 CEST 2021]; root of context hierarchy
[INFO ] 2021-10-25T14:35:28,521 [main] RequestMappingHandlerMapping - Mapped "{[/states],methods=[GET],produces=[text/plain]}" onto private java.lang.String net.et.webserver.Controller.states()
[INFO ] 2021-10-25T14:35:28,521 [main] RequestMappingHandlerMapping - Mapped "{[/addresses],methods=[GET],produces=[text/plain]}" onto private java.lang.String net.et.webserver.Controller.addresses()
[INFO ] 2021-10-25T14:35:28,522 [main] RequestMappingHandlerMapping - Mapped "{[/servertime],methods=[GET],produces=[text/plain]}" onto private java.lang.String net.et.webserver.Controller.serverTime()
[INFO ] 2021-10-25T14:35:28,522 [main] RequestMappingHandlerMapping - Mapped "{[/identities],methods=[GET],produces=[text/plain]}" onto private java.lang.String net.et.webserver.Controller.identities()
[INFO ] 2021-10-25T14:35:28,522 [main] RequestMappingHandlerMapping - Mapped "{[/platformversion],methods=[GET],produces=[text/plain]}" onto private java.lang.String net.et.webserver.Controller.platformVersion()
[INFO ] 2021-10-25T14:35:28,522 [main] RequestMappingHandlerMapping - Mapped "{[/peers],methods=[GET],produces=[application/json]}" onto public java.util.HashMap<java.lang.String, java.util.List<java.lang.String>> net.et.webserver.Controller.getPeers()
[INFO ] 2021-10-25T14:35:28,523 [main] RequestMappingHandlerMapping - Mapped "{[/notaries],methods=[GET],produces=[text/plain]}" onto private java.lang.String net.et.webserver.Controller.notaries()
[INFO ] 2021-10-25T14:35:28,523 [main] RequestMappingHandlerMapping - Mapped "{[/flows],methods=[GET],produces=[text/plain]}" onto private java.lang.String net.et.webserver.Controller.flows()
[INFO ] 2021-10-25T14:35:28,523 [main] RequestMappingHandlerMapping - Mapped "{[/me],methods=[GET],produces=[application/json]}" onto private java.util.HashMap<java.lang.String, java.lang.String> net.et.webserver.Controller.whoami()
[INFO ] 2021-10-25T14:35:28,524 [main] RequestMappingHandlerMapping - Mapped "{[/loans],methods=[GET],produces=[application/json]}" onto public java.util.List<net.corda.core.contracts.StateAndRef<net.et.states.LoanState>> net.et.webserver.Controller.getLoans()
[INFO ] 2021-10-25T14:35:28,524 [main] RequestMappingHandlerMapping - Mapped "{[/create-loan],methods=[POST],consumes=[application/x-www-form-urlencoded],produces=[text/plain]}" onto public org.springframework.http.ResponseEntity<java.lang.String> net.et.webserver.Controller.issueLoan(javax.servlet.http.HttpServletRequest) throws java.lang.IllegalArgumentException
[INFO ] 2021-10-25T14:35:28,524 [main] RequestMappingHandlerMapping - Mapped "{[/my-loans],methods=[GET],produces=[application/json]}" onto public org.springframework.http.ResponseEntity<java.util.List<net.corda.core.contracts.StateAndRef<net.et.states.LoanState>>> net.et.webserver.Controller.getMyLoans()
[INFO ] 2021-10-25T14:35:28,525 [main] RequestMappingHandlerMapping - Mapped "{[/status],methods=[GET],produces=[text/plain]}" onto private java.lang.String net.et.webserver.Controller.status()
[INFO ] 2021-10-25T14:35:28,527 [main] RequestMappingHandlerMapping - Mapped "{[/error],produces=[text/html]}" onto public org.springframework.web.servlet.ModelAndView org.springframework.boot.autoconfigure.web.servlet.error.BasicErrorController.errorHtml(javax.servlet.http.HttpServletRequest,javax.servlet.http.HttpServletResponse)
[INFO ] 2021-10-25T14:35:28,527 [main] RequestMappingHandlerMapping - Mapped "{[/error]}" onto public org.springframework.http.ResponseEntity<java.util.Map<java.lang.String, java.lang.Object>> org.springframework.boot.autoconfigure.web.servlet.error.BasicErrorController.error(javax.servlet.http.HttpServletRequest)
[INFO ] 2021-10-25T14:35:28,545 [main] SimpleUrlHandlerMapping - Mapped URL path [/webjars/**] onto handler of type [class org.springframework.web.servlet.resource.ResourceHttpRequestHandler]
[INFO ] 2021-10-25T14:35:28,545 [main] SimpleUrlHandlerMapping - Mapped URL path [/**] onto handler of type [class org.springframework.web.servlet.resource.ResourceHttpRequestHandler]
[INFO ] 2021-10-25T14:35:28,577 [main] WelcomePageHandlerMapping - Adding welcome page: class path resource [static/index.html]
[INFO ] 2021-10-25T14:35:28,681 [main] AnnotationMBeanExporter - Registering beans for JMX exposure on startup
[INFO ] 2021-10-25T14:35:28,691 [main] Http11NioProtocol - Starting ProtocolHandler ["http-nio-14002"]
[INFO ] 2021-10-25T14:35:28,696 [main] NioSelectorPool - Using a shared selector for servlet write/read
[INFO ] 2021-10-25T14:35:28,707 [main] TomcatWebServer - Tomcat started on port(s): 14002 (http) with context path ''
[INFO ] 2021-10-25T14:35:28,709 [main] Starter - Started Starter in 3.364 seconds (JVM running for 3.777)
[INFO ] 2021-10-25T14:35:33,830 [main] Starter - Starting Starter on IDEX-IRS with PID 12837 (/home/morteza/IMM_BCT_MAS/ET/clients/build/classes/java/main started by morteza in /home/morteza/IMM_BCT_MAS/ET/clients)
[INFO ] 2021-10-25T14:35:33,834 [main] Starter - No active profile set, falling back to default profiles: default
[INFO ] 2021-10-25T14:35:33,863 [main] AnnotationConfigServletWebServerApplicationContext - Refreshing org.springframework.boot.web.servlet.context.AnnotationConfigServletWebServerApplicationContext@481ba2cf: startup date [Mon Oct 25 16:35:33 CEST 2021]; root of context hierarchy
[INFO ] 2021-10-25T14:35:34,542 [main] TomcatWebServer - Tomcat initialized with port(s): 14003 (http)
[INFO ] 2021-10-25T14:35:34,551 [main] Http11NioProtocol - Initializing ProtocolHandler ["http-nio-14003"]
[INFO ] 2021-10-25T14:35:34,557 [main] StandardService - Starting service [Tomcat]
[INFO ] 2021-10-25T14:35:34,558 [main] StandardEngine - Starting Servlet Engine: Apache Tomcat/8.5.31
[INFO ] 2021-10-25T14:35:34,563 [localhost-startStop-1] AprLifecycleListener - The APR based Apache Tomcat Native library which allows optimal performance in production environments was not found on the java.library.path: [/usr/java/packages/lib/amd64:/usr/lib64:/lib64:/lib:/usr/lib]
[INFO ] 2021-10-25T14:35:34,623 [localhost-startStop-1] [/] - Initializing Spring embedded WebApplicationContext
[INFO ] 2021-10-25T14:35:34,623 [localhost-startStop-1] ContextLoader - Root WebApplicationContext: initialization completed in 762 ms
[INFO ] 2021-10-25T14:35:34,698 [localhost-startStop-1] ServletRegistrationBean - Servlet dispatcherServlet mapped to [/]
[INFO ] 2021-10-25T14:35:34,700 [localhost-startStop-1] FilterRegistrationBean - Mapping filter: 'characterEncodingFilter' to: [/*]
[INFO ] 2021-10-25T14:35:34,700 [localhost-startStop-1] FilterRegistrationBean - Mapping filter: 'hiddenHttpMethodFilter' to: [/*]
[INFO ] 2021-10-25T14:35:34,701 [localhost-startStop-1] FilterRegistrationBean - Mapping filter: 'httpPutFormContentFilter' to: [/*]
[INFO ] 2021-10-25T14:35:34,701 [localhost-startStop-1] FilterRegistrationBean - Mapping filter: 'requestContextFilter' to: [/*]
[INFO ] 2021-10-25T14:35:36,045 [main] RPCClient - Startup took 535 msec
[INFO ] 2021-10-25T14:35:36,268 [main] SimpleUrlHandlerMapping - Mapped URL path [/**/favicon.ico] onto handler of type [class org.springframework.web.servlet.resource.ResourceHttpRequestHandler]
[INFO ] 2021-10-25T14:35:36,346 [main] RequestMappingHandlerAdapter - Looking for @ControllerAdvice: org.springframework.boot.web.servlet.context.AnnotationConfigServletWebServerApplicationContext@481ba2cf: startup date [Mon Oct 25 16:35:33 CEST 2021]; root of context hierarchy
[INFO ] 2021-10-25T14:35:36,403 [main] RequestMappingHandlerMapping - Mapped "{[/states],methods=[GET],produces=[text/plain]}" onto private java.lang.String net.et.webserver.Controller.states()
[INFO ] 2021-10-25T14:35:36,403 [main] RequestMappingHandlerMapping - Mapped "{[/addresses],methods=[GET],produces=[text/plain]}" onto private java.lang.String net.et.webserver.Controller.addresses()
[INFO ] 2021-10-25T14:35:36,404 [main] RequestMappingHandlerMapping - Mapped "{[/servertime],methods=[GET],produces=[text/plain]}" onto private java.lang.String net.et.webserver.Controller.serverTime()
[INFO ] 2021-10-25T14:35:36,404 [main] RequestMappingHandlerMapping - Mapped "{[/identities],methods=[GET],produces=[text/plain]}" onto private java.lang.String net.et.webserver.Controller.identities()
[INFO ] 2021-10-25T14:35:36,404 [main] RequestMappingHandlerMapping - Mapped "{[/platformversion],methods=[GET],produces=[text/plain]}" onto private java.lang.String net.et.webserver.Controller.platformVersion()
[INFO ] 2021-10-25T14:35:36,404 [main] RequestMappingHandlerMapping - Mapped "{[/peers],methods=[GET],produces=[application/json]}" onto public java.util.HashMap<java.lang.String, java.util.List<java.lang.String>> net.et.webserver.Controller.getPeers()
[INFO ] 2021-10-25T14:35:36,404 [main] RequestMappingHandlerMapping - Mapped "{[/notaries],methods=[GET],produces=[text/plain]}" onto private java.lang.String net.et.webserver.Controller.notaries()
[INFO ] 2021-10-25T14:35:36,405 [main] RequestMappingHandlerMapping - Mapped "{[/flows],methods=[GET],produces=[text/plain]}" onto private java.lang.String net.et.webserver.Controller.flows()
[INFO ] 2021-10-25T14:35:36,405 [main] RequestMappingHandlerMapping - Mapped "{[/me],methods=[GET],produces=[application/json]}" onto private java.util.HashMap<java.lang.String, java.lang.String> net.et.webserver.Controller.whoami()
[INFO ] 2021-10-25T14:35:36,405 [main] RequestMappingHandlerMapping - Mapped "{[/loans],methods=[GET],produces=[application/json]}" onto public java.util.List<net.corda.core.contracts.StateAndRef<net.et.states.LoanState>> net.et.webserver.Controller.getLoans()
[INFO ] 2021-10-25T14:35:36,406 [main] RequestMappingHandlerMapping - Mapped "{[/create-loan],methods=[POST],consumes=[application/x-www-form-urlencoded],produces=[text/plain]}" onto public org.springframework.http.ResponseEntity<java.lang.String> net.et.webserver.Controller.issueLoan(javax.servlet.http.HttpServletRequest) throws java.lang.IllegalArgumentException
[INFO ] 2021-10-25T14:35:36,406 [main] RequestMappingHandlerMapping - Mapped "{[/my-loans],methods=[GET],produces=[application/json]}" onto public org.springframework.http.ResponseEntity<java.util.List<net.corda.core.contracts.StateAndRef<net.et.states.LoanState>>> net.et.webserver.Controller.getMyLoans()
[INFO ] 2021-10-25T14:35:36,406 [main] RequestMappingHandlerMapping - Mapped "{[/status],methods=[GET],produces=[text/plain]}" onto private java.lang.String net.et.webserver.Controller.status()
[INFO ] 2021-10-25T14:35:36,408 [main] RequestMappingHandlerMapping - Mapped "{[/error],produces=[text/html]}" onto public org.springframework.web.servlet.ModelAndView org.springframework.boot.autoconfigure.web.servlet.error.BasicErrorController.errorHtml(javax.servlet.http.HttpServletRequest,javax.servlet.http.HttpServletResponse)
[INFO ] 2021-10-25T14:35:36,408 [main] RequestMappingHandlerMapping - Mapped "{[/error]}" onto public org.springframework.http.ResponseEntity<java.util.Map<java.lang.String, java.lang.Object>> org.springframework.boot.autoconfigure.web.servlet.error.BasicErrorController.error(javax.servlet.http.HttpServletRequest)
[INFO ] 2021-10-25T14:35:36,425 [main] SimpleUrlHandlerMapping - Mapped URL path [/webjars/**] onto handler of type [class org.springframework.web.servlet.resource.ResourceHttpRequestHandler]
[INFO ] 2021-10-25T14:35:36,425 [main] SimpleUrlHandlerMapping - Mapped URL path [/**] onto handler of type [class org.springframework.web.servlet.resource.ResourceHttpRequestHandler]
[INFO ] 2021-10-25T14:35:36,456 [main] WelcomePageHandlerMapping - Adding welcome page: class path resource [static/index.html]
[INFO ] 2021-10-25T14:35:36,572 [main] AnnotationMBeanExporter - Registering beans for JMX exposure on startup
[INFO ] 2021-10-25T14:35:36,583 [main] Http11NioProtocol - Starting ProtocolHandler ["http-nio-14003"]
[INFO ] 2021-10-25T14:35:36,588 [main] NioSelectorPool - Using a shared selector for servlet write/read
[INFO ] 2021-10-25T14:35:36,599 [main] TomcatWebServer - Tomcat started on port(s): 14003 (http) with context path ''
[INFO ] 2021-10-25T14:35:36,602 [main] Starter - Started Starter in 3.232 seconds (JVM running for 3.647)
[INFO ] 2021-10-25T14:35:41,987 [main] Starter - Starting Starter on IDEX-IRS with PID 13038 (/home/morteza/IMM_BCT_MAS/ET/clients/build/classes/java/main started by morteza in /home/morteza/IMM_BCT_MAS/ET/clients)
[INFO ] 2021-10-25T14:35:41,990 [main] Starter - No active profile set, falling back to default profiles: default
[INFO ] 2021-10-25T14:35:42,019 [main] AnnotationConfigServletWebServerApplicationContext - Refreshing org.springframework.boot.web.servlet.context.AnnotationConfigServletWebServerApplicationContext@481ba2cf: startup date [Mon Oct 25 16:35:42 CEST 2021]; root of context hierarchy
[INFO ] 2021-10-25T14:35:42,747 [main] TomcatWebServer - Tomcat initialized with port(s): 14004 (http)
[INFO ] 2021-10-25T14:35:42,760 [main] Http11NioProtocol - Initializing ProtocolHandler ["http-nio-14004"]
[INFO ] 2021-10-25T14:35:42,769 [main] StandardService - Starting service [Tomcat]
[INFO ] 2021-10-25T14:35:42,769 [main] StandardEngine - Starting Servlet Engine: Apache Tomcat/8.5.31
[INFO ] 2021-10-25T14:35:42,778 [localhost-startStop-1] AprLifecycleListener - The APR based Apache Tomcat Native library which allows optimal performance in production environments was not found on the java.library.path: [/usr/java/packages/lib/amd64:/usr/lib64:/lib64:/lib:/usr/lib]
[INFO ] 2021-10-25T14:35:42,879 [localhost-startStop-1] [/] - Initializing Spring embedded WebApplicationContext
[INFO ] 2021-10-25T14:35:42,879 [localhost-startStop-1] ContextLoader - Root WebApplicationContext: initialization completed in 862 ms
[INFO ] 2021-10-25T14:35:42,981 [localhost-startStop-1] ServletRegistrationBean - Servlet dispatcherServlet mapped to [/]
[INFO ] 2021-10-25T14:35:42,984 [localhost-startStop-1] FilterRegistrationBean - Mapping filter: 'characterEncodingFilter' to: [/*]
[INFO ] 2021-10-25T14:35:42,985 [localhost-startStop-1] FilterRegistrationBean - Mapping filter: 'hiddenHttpMethodFilter' to: [/*]
[INFO ] 2021-10-25T14:35:42,985 [localhost-startStop-1] FilterRegistrationBean - Mapping filter: 'httpPutFormContentFilter' to: [/*]
[INFO ] 2021-10-25T14:35:42,985 [localhost-startStop-1] FilterRegistrationBean - Mapping filter: 'requestContextFilter' to: [/*]
[INFO ] 2021-10-25T14:35:45,414 [main] RPCClient - Startup took 707 msec
[INFO ] 2021-10-25T14:35:45,715 [main] SimpleUrlHandlerMapping - Mapped URL path [/**/favicon.ico] onto handler of type [class org.springframework.web.servlet.resource.ResourceHttpRequestHandler]
[INFO ] 2021-10-25T14:35:45,810 [main] RequestMappingHandlerAdapter - Looking for @ControllerAdvice: org.springframework.boot.web.servlet.context.AnnotationConfigServletWebServerApplicationContext@481ba2cf: startup date [Mon Oct 25 16:35:42 CEST 2021]; root of context hierarchy
[INFO ] 2021-10-25T14:35:45,879 [main] RequestMappingHandlerMapping - Mapped "{[/addresses],methods=[GET],produces=[text/plain]}" onto private java.lang.String net.et.webserver.Controller.addresses()
[INFO ] 2021-10-25T14:35:45,880 [main] RequestMappingHandlerMapping - Mapped "{[/status],methods=[GET],produces=[text/plain]}" onto private java.lang.String net.et.webserver.Controller.status()
[INFO ] 2021-10-25T14:35:45,880 [main] RequestMappingHandlerMapping - Mapped "{[/states],methods=[GET],produces=[text/plain]}" onto private java.lang.String net.et.webserver.Controller.states()
[INFO ] 2021-10-25T14:35:45,881 [main] RequestMappingHandlerMapping - Mapped "{[/servertime],methods=[GET],produces=[text/plain]}" onto private java.lang.String net.et.webserver.Controller.serverTime()
[INFO ] 2021-10-25T14:35:45,881 [main] RequestMappingHandlerMapping - Mapped "{[/identities],methods=[GET],produces=[text/plain]}" onto private java.lang.String net.et.webserver.Controller.identities()
[INFO ] 2021-10-25T14:35:45,882 [main] RequestMappingHandlerMapping - Mapped "{[/platformversion],methods=[GET],produces=[text/plain]}" onto private java.lang.String net.et.webserver.Controller.platformVersion()
[INFO ] 2021-10-25T14:35:45,883 [main] RequestMappingHandlerMapping - Mapped "{[/peers],methods=[GET],produces=[application/json]}" onto public java.util.HashMap<java.lang.String, java.util.List<java.lang.String>> net.et.webserver.Controller.getPeers()
[INFO ] 2021-10-25T14:35:45,884 [main] RequestMappingHandlerMapping - Mapped "{[/notaries],methods=[GET],produces=[text/plain]}" onto private java.lang.String net.et.webserver.Controller.notaries()
[INFO ] 2021-10-25T14:35:45,885 [main] RequestMappingHandlerMapping - Mapped "{[/flows],methods=[GET],produces=[text/plain]}" onto private java.lang.String net.et.webserver.Controller.flows()
[INFO ] 2021-10-25T14:35:45,886 [main] RequestMappingHandlerMapping - Mapped "{[/me],methods=[GET],produces=[application/json]}" onto private java.util.HashMap<java.lang.String, java.lang.String> net.et.webserver.Controller.whoami()
[INFO ] 2021-10-25T14:35:45,886 [main] RequestMappingHandlerMapping - Mapped "{[/loans],methods=[GET],produces=[application/json]}" onto public java.util.List<net.corda.core.contracts.StateAndRef<net.et.states.LoanState>> net.et.webserver.Controller.getLoans()
[INFO ] 2021-10-25T14:35:45,887 [main] RequestMappingHandlerMapping - Mapped "{[/create-loan],methods=[POST],consumes=[application/x-www-form-urlencoded],produces=[text/plain]}" onto public org.springframework.http.ResponseEntity<java.lang.String> net.et.webserver.Controller.issueLoan(javax.servlet.http.HttpServletRequest) throws java.lang.IllegalArgumentException
[INFO ] 2021-10-25T14:35:45,888 [main] RequestMappingHandlerMapping - Mapped "{[/my-loans],methods=[GET],produces=[application/json]}" onto public org.springframework.http.ResponseEntity<java.util.List<net.corda.core.contracts.StateAndRef<net.et.states.LoanState>>> net.et.webserver.Controller.getMyLoans()
[INFO ] 2021-10-25T14:35:45,891 [main] RequestMappingHandlerMapping - Mapped "{[/error]}" onto public org.springframework.http.ResponseEntity<java.util.Map<java.lang.String, java.lang.Object>> org.springframework.boot.autoconfigure.web.servlet.error.BasicErrorController.error(javax.servlet.http.HttpServletRequest)
[INFO ] 2021-10-25T14:35:45,891 [main] RequestMappingHandlerMapping - Mapped "{[/error],produces=[text/html]}" onto public org.springframework.web.servlet.ModelAndView org.springframework.boot.autoconfigure.web.servlet.error.BasicErrorController.errorHtml(javax.servlet.http.HttpServletRequest,javax.servlet.http.HttpServletResponse)
[INFO ] 2021-10-25T14:35:45,912 [main] SimpleUrlHandlerMapping - Mapped URL path [/webjars/**] onto handler of type [class org.springframework.web.servlet.resource.ResourceHttpRequestHandler]
[INFO ] 2021-10-25T14:35:45,912 [main] SimpleUrlHandlerMapping - Mapped URL path [/**] onto handler of type [class org.springframework.web.servlet.resource.ResourceHttpRequestHandler]
[INFO ] 2021-10-25T14:35:45,956 [main] WelcomePageHandlerMapping - Adding welcome page: class path resource [static/index.html]
[INFO ] 2021-10-25T14:35:46,080 [main] AnnotationMBeanExporter - Registering beans for JMX exposure on startup
[INFO ] 2021-10-25T14:35:46,092 [main] Http11NioProtocol - Starting ProtocolHandler ["http-nio-14004"]
[INFO ] 2021-10-25T14:35:46,097 [main] NioSelectorPool - Using a shared selector for servlet write/read
[INFO ] 2021-10-25T14:35:46,113 [main] TomcatWebServer - Tomcat started on port(s): 14004 (http) with context path ''
[INFO ] 2021-10-25T14:35:46,116 [main] Starter - Started Starter in 4.608 seconds (JVM running for 5.025)
[INFO ] 2021-10-25T14:35:50,496 [main] Starter - Starting Starter on IDEX-IRS with PID 13242 (/home/morteza/IMM_BCT_MAS/ET/clients/build/classes/java/main started by morteza in /home/morteza/IMM_BCT_MAS/ET/clients)
[INFO ] 2021-10-25T14:35:50,499 [main] Starter - No active profile set, falling back to default profiles: default
[INFO ] 2021-10-25T14:35:50,528 [main] AnnotationConfigServletWebServerApplicationContext - Refreshing org.springframework.boot.web.servlet.context.AnnotationConfigServletWebServerApplicationContext@457c9034: startup date [Mon Oct 25 16:35:50 CEST 2021]; root of context hierarchy
[INFO ] 2021-10-25T14:35:51,193 [main] TomcatWebServer - Tomcat initialized with port(s): 14005 (http)
[INFO ] 2021-10-25T14:35:51,202 [main] Http11NioProtocol - Initializing ProtocolHandler ["http-nio-14005"]
[INFO ] 2021-10-25T14:35:51,209 [main] StandardService - Starting service [Tomcat]
[INFO ] 2021-10-25T14:35:51,210 [main] StandardEngine - Starting Servlet Engine: Apache Tomcat/8.5.31
[INFO ] 2021-10-25T14:35:51,216 [localhost-startStop-1] AprLifecycleListener - The APR based Apache Tomcat Native library which allows optimal performance in production environments was not found on the java.library.path: [/usr/java/packages/lib/amd64:/usr/lib64:/lib64:/lib:/usr/lib]
[INFO ] 2021-10-25T14:35:51,285 [localhost-startStop-1] [/] - Initializing Spring embedded WebApplicationContext
[INFO ] 2021-10-25T14:35:51,285 [localhost-startStop-1] ContextLoader - Root WebApplicationContext: initialization completed in 759 ms
[INFO ] 2021-10-25T14:35:51,365 [localhost-startStop-1] ServletRegistrationBean - Servlet dispatcherServlet mapped to [/]
[INFO ] 2021-10-25T14:35:51,368 [localhost-startStop-1] FilterRegistrationBean - Mapping filter: 'characterEncodingFilter' to: [/*]
[INFO ] 2021-10-25T14:35:51,369 [localhost-startStop-1] FilterRegistrationBean - Mapping filter: 'hiddenHttpMethodFilter' to: [/*]
[INFO ] 2021-10-25T14:35:51,369 [localhost-startStop-1] FilterRegistrationBean - Mapping filter: 'httpPutFormContentFilter' to: [/*]
[INFO ] 2021-10-25T14:35:51,369 [localhost-startStop-1] FilterRegistrationBean - Mapping filter: 'requestContextFilter' to: [/*]
[INFO ] 2021-10-25T14:35:52,862 [main] RPCClient - Startup took 561 msec
[INFO ] 2021-10-25T14:35:53,096 [main] SimpleUrlHandlerMapping - Mapped URL path [/**/favicon.ico] onto handler of type [class org.springframework.web.servlet.resource.ResourceHttpRequestHandler]
[INFO ] 2021-10-25T14:35:53,169 [main] RequestMappingHandlerAdapter - Looking for @ControllerAdvice: org.springframework.boot.web.servlet.context.AnnotationConfigServletWebServerApplicationContext@457c9034: startup date [Mon Oct 25 16:35:50 CEST 2021]; root of context hierarchy
[INFO ] 2021-10-25T14:35:53,226 [main] RequestMappingHandlerMapping - Mapped "{[/addresses],methods=[GET],produces=[text/plain]}" onto private java.lang.String net.et.webserver.Controller.addresses()
[INFO ] 2021-10-25T14:35:53,227 [main] RequestMappingHandlerMapping - Mapped "{[/states],methods=[GET],produces=[text/plain]}" onto private java.lang.String net.et.webserver.Controller.states()
[INFO ] 2021-10-25T14:35:53,227 [main] RequestMappingHandlerMapping - Mapped "{[/status],methods=[GET],produces=[text/plain]}" onto private java.lang.String net.et.webserver.Controller.status()
[INFO ] 2021-10-25T14:35:53,227 [main] RequestMappingHandlerMapping - Mapped "{[/servertime],methods=[GET],produces=[text/plain]}" onto private java.lang.String net.et.webserver.Controller.serverTime()
[INFO ] 2021-10-25T14:35:53,228 [main] RequestMappingHandlerMapping - Mapped "{[/identities],methods=[GET],produces=[text/plain]}" onto private java.lang.String net.et.webserver.Controller.identities()
[INFO ] 2021-10-25T14:35:53,228 [main] RequestMappingHandlerMapping - Mapped "{[/platformversion],methods=[GET],produces=[text/plain]}" onto private java.lang.String net.et.webserver.Controller.platformVersion()
[INFO ] 2021-10-25T14:35:53,228 [main] RequestMappingHandlerMapping - Mapped "{[/peers],methods=[GET],produces=[application/json]}" onto public java.util.HashMap<java.lang.String, java.util.List<java.lang.String>> net.et.webserver.Controller.getPeers()
[INFO ] 2021-10-25T14:35:53,229 [main] RequestMappingHandlerMapping - Mapped "{[/notaries],methods=[GET],produces=[text/plain]}" onto private java.lang.String net.et.webserver.Controller.notaries()
[INFO ] 2021-10-25T14:35:53,229 [main] RequestMappingHandlerMapping - Mapped "{[/flows],methods=[GET],produces=[text/plain]}" onto private java.lang.String net.et.webserver.Controller.flows()
[INFO ] 2021-10-25T14:35:53,229 [main] RequestMappingHandlerMapping - Mapped "{[/me],methods=[GET],produces=[application/json]}" onto private java.util.HashMap<java.lang.String, java.lang.String> net.et.webserver.Controller.whoami()
[INFO ] 2021-10-25T14:35:53,230 [main] RequestMappingHandlerMapping - Mapped "{[/loans],methods=[GET],produces=[application/json]}" onto public java.util.List<net.corda.core.contracts.StateAndRef<net.et.states.LoanState>> net.et.webserver.Controller.getLoans()
[INFO ] 2021-10-25T14:35:53,231 [main] RequestMappingHandlerMapping - Mapped "{[/create-loan],methods=[POST],consumes=[application/x-www-form-urlencoded],produces=[text/plain]}" onto public org.springframework.http.ResponseEntity<java.lang.String> net.et.webserver.Controller.issueLoan(javax.servlet.http.HttpServletRequest) throws java.lang.IllegalArgumentException
[INFO ] 2021-10-25T14:35:53,231 [main] RequestMappingHandlerMapping - Mapped "{[/my-loans],methods=[GET],produces=[application/json]}" onto public org.springframework.http.ResponseEntity<java.util.List<net.corda.core.contracts.StateAndRef<net.et.states.LoanState>>> net.et.webserver.Controller.getMyLoans()
[INFO ] 2021-10-25T14:35:53,233 [main] RequestMappingHandlerMapping - Mapped "{[/error]}" onto public org.springframework.http.ResponseEntity<java.util.Map<java.lang.String, java.lang.Object>> org.springframework.boot.autoconfigure.web.servlet.error.BasicErrorController.error(javax.servlet.http.HttpServletRequest)
[INFO ] 2021-10-25T14:35:53,233 [main] RequestMappingHandlerMapping - Mapped "{[/error],produces=[text/html]}" onto public org.springframework.web.servlet.ModelAndView org.springframework.boot.autoconfigure.web.servlet.error.BasicErrorController.errorHtml(javax.servlet.http.HttpServletRequest,javax.servlet.http.HttpServletResponse)
[INFO ] 2021-10-25T14:35:53,250 [main] SimpleUrlHandlerMapping - Mapped URL path [/webjars/**] onto handler of type [class org.springframework.web.servlet.resource.ResourceHttpRequestHandler]
[INFO ] 2021-10-25T14:35:53,250 [main] SimpleUrlHandlerMapping - Mapped URL path [/**] onto handler of type [class org.springframework.web.servlet.resource.ResourceHttpRequestHandler]
[INFO ] 2021-10-25T14:35:53,294 [main] WelcomePageHandlerMapping - Adding welcome page: class path resource [static/index.html]
[INFO ] 2021-10-25T14:35:53,417 [main] AnnotationMBeanExporter - Registering beans for JMX exposure on startup
[INFO ] 2021-10-25T14:35:53,428 [main] Http11NioProtocol - Starting ProtocolHandler ["http-nio-14005"]
[INFO ] 2021-10-25T14:35:53,432 [main] NioSelectorPool - Using a shared selector for servlet write/read
[INFO ] 2021-10-25T14:35:53,444 [main] TomcatWebServer - Tomcat started on port(s): 14005 (http) with context path ''
[INFO ] 2021-10-25T14:35:53,447 [main] Starter - Started Starter in 3.471 seconds (JVM running for 3.911)
[INFO ] 2021-10-25T14:36:33,214 [http-nio-14001-exec-1] [/] - Initializing Spring FrameworkServlet 'dispatcherServlet'
[INFO ] 2021-10-25T14:36:33,214 [http-nio-14001-exec-1] DispatcherServlet - FrameworkServlet 'dispatcherServlet': initialization started
[INFO ] 2021-10-25T14:36:33,224 [http-nio-14001-exec-1] DispatcherServlet - FrameworkServlet 'dispatcherServlet': initialization completed in 10 ms
[INFO ] 2021-10-25T14:36:35,544 [http-nio-14002-exec-1] [/] - Initializing Spring FrameworkServlet 'dispatcherServlet'
[INFO ] 2021-10-25T14:36:35,544 [http-nio-14002-exec-1] DispatcherServlet - FrameworkServlet 'dispatcherServlet': initialization started
[INFO ] 2021-10-25T14:36:35,552 [http-nio-14002-exec-1] DispatcherServlet - FrameworkServlet 'dispatcherServlet': initialization completed in 8 ms
[INFO ] 2021-10-25T14:36:37,458 [http-nio-14003-exec-1] [/] - Initializing Spring FrameworkServlet 'dispatcherServlet'
[INFO ] 2021-10-25T14:36:37,458 [http-nio-14003-exec-1] DispatcherServlet - FrameworkServlet 'dispatcherServlet': initialization started
[INFO ] 2021-10-25T14:36:37,466 [http-nio-14003-exec-1] DispatcherServlet - FrameworkServlet 'dispatcherServlet': initialization completed in 8 ms
[INFO ] 2021-10-25T14:36:37,778 [http-nio-14004-exec-1] [/] - Initializing Spring FrameworkServlet 'dispatcherServlet'
[INFO ] 2021-10-25T14:36:37,778 [http-nio-14004-exec-1] DispatcherServlet - FrameworkServlet 'dispatcherServlet': initialization started
[INFO ] 2021-10-25T14:36:37,786 [http-nio-14004-exec-1] DispatcherServlet - FrameworkServlet 'dispatcherServlet': initialization completed in 8 ms
[INFO ] 2021-10-25T14:36:38,087 [http-nio-14005-exec-1] [/] - Initializing Spring FrameworkServlet 'dispatcherServlet'
[INFO ] 2021-10-25T14:36:38,087 [http-nio-14005-exec-1] DispatcherServlet - FrameworkServlet 'dispatcherServlet': initialization started
[INFO ] 2021-10-25T14:36:38,094 [http-nio-14005-exec-1] DispatcherServlet - FrameworkServlet 'dispatcherServlet': initialization completed in 7 ms
[INFO ] 2021-10-25T14:37:42,088 [Thread-3] AnnotationConfigServletWebServerApplicationContext - Closing org.springframework.boot.web.servlet.context.AnnotationConfigServletWebServerApplicationContext@481ba2cf: startup date [Mon Oct 25 16:35:42 CEST 2021]; root of context hierarchy
[INFO ] 2021-10-25T14:37:42,088 [Thread-3] AnnotationConfigServletWebServerApplicationContext - Closing org.springframework.boot.web.servlet.context.AnnotationConfigServletWebServerApplicationContext@457c9034: startup date [Mon Oct 25 16:35:25 CEST 2021]; root of context hierarchy
[INFO ] 2021-10-25T14:37:42,089 [Thread-3] AnnotationConfigServletWebServerApplicationContext - Closing org.springframework.boot.web.servlet.context.AnnotationConfigServletWebServerApplicationContext@481ba2cf: startup date [Mon Oct 25 16:35:33 CEST 2021]; root of context hierarchy
[INFO ] 2021-10-25T14:37:42,089 [Thread-3] AnnotationConfigServletWebServerApplicationContext - Closing org.springframework.boot.web.servlet.context.AnnotationConfigServletWebServerApplicationContext@457c9034: startup date [Mon Oct 25 16:35:50 CEST 2021]; root of context hierarchy
[INFO ] 2021-10-25T14:37:42,091 [Thread-3] AnnotationConfigServletWebServerApplicationContext - Closing org.springframework.boot.web.servlet.context.AnnotationConfigServletWebServerApplicationContext@481ba2cf: startup date [Mon Oct 25 16:35:15 CEST 2021]; root of context hierarchy
[INFO ] 2021-10-25T14:37:42,094 [Thread-3] AnnotationMBeanExporter - Unregistering JMX-exposed beans on shutdown
[INFO ] 2021-10-25T14:37:42,095 [Thread-3] AnnotationMBeanExporter - Unregistering JMX-exposed beans on shutdown
[INFO ] 2021-10-25T14:37:42,095 [Thread-3] AnnotationMBeanExporter - Unregistering JMX-exposed beans on shutdown
[INFO ] 2021-10-25T14:37:42,106 [Thread-3] AnnotationMBeanExporter - Unregistering JMX-exposed beans on shutdown
[INFO ] 2021-10-25T14:37:42,114 [Thread-3] AnnotationMBeanExporter - Unregistering JMX-exposed beans on shutdown
